Arguments: 
  C:\Program Files\nodejs\node.exe C:\Users\yxp\AppData\Roaming\npm\node_modules\yarn\bin\yarn.js

PATH: 
  C:\WINDOWS\system32;C:\WINDOWS;C:\WINDOWS\System32\Wbem;C:\WINDOWS\System32\WindowsPowerShell\v1.0\;C:\WINDOWS\System32\OpenSSH\;D:\php\php7;D:\php\php7\arcanist\bin;C:\Users\yxp\.cargo\bin\cargo-tauri-bundler.exe;C:\Program Files\Git\cmd;C:\Program Files\PuTTY\;C:\Program Files (x86)\Tencent\微信web开发者工具\dll;;C:\Program Files\WireGuard\;C:\Program Files\nodejs\;C:\Users\yxp\AppData\Local\pnpm;C:\Users\yxp\.cargo\bin;C:\Users\yxp\AppData\Local\Microsoft\WindowsApps;C:\Users\yxp\AppData\Local\Programs\Fiddler;C:\Users\yxp\AppData\Local\Microsoft\WindowsApps;C:\Users\yxp\AppData\Local\Programs\Microsoft VS Code\bin;C:\Users\yxp\AppData\Local\GitHubDesktop\bin;C:\Users\yxp\AppData\Roaming\npm

Yarn version: 
  1.22.19

Node version: 
  20.10.0

Platform: 
  win32 x64

Trace: 
  Error: ENOENT: no such file or directory, copyfile 'C:\Users\yxp\AppData\Local\Yarn\Cache\v6\npm-ms-2.1.2-d09d1f357b443f493382a8eb3ccd183872ae6009-integrity\node_modules\ms\index.js' -> 'D:\日常办公\Learn-notes\node_modules\@babel\helper-define-polyfill-provider\node_modules\ms\index.js'

npm manifest: 
  {
    "name": "vuepress-lesson",
    "version": "1.0.0",
    "main": "index.js",
    "license": "MIT",
    "scripts": {
      "docs:dev": "vuepress dev docs",
      "docs:build": "vuepress build docs"
    },
    "devDependencies": {
      "vuepress": "^1.8.2"
    }
  }

yarn manifest: 
  No manifest

Lockfile: 
  No lockfile
